energy0
660.2286813 0.1578470967 18 (0.15785)
744.2498107 4.777994822 3 15 4 7 10 (1.0288 0.9373 0.9373 0.9373 0.9373)
746.2654607 40.04621331 2 5 8 11 16 13 (10.243 6.1694 6.1694 6.1694 6.1694 5.1256)
764.2760254 45.34346595 6 9 12 14 17 1 (8.6204 8.6204 8.6204 8.6204 8.6204 2.2417)
806.2865901 9.674478819 0 (9.6745)
energy1
660.2286813 0.1258637335 18 (0.12586)
744.2498107 3.434336221 3 15 4 7 10 (0.79822 0.65903 0.65903 0.65903 0.65903)
746.2654607 46.39893055 2 5 8 11 16 13 (19.911 6.0013 6.0013 6.0013 6.0013 2.4831)
764.2760254 48.49665622 6 9 12 14 17 1 (9.037 9.037 9.037 9.037 9.037 3.3117)
806.2865901 1.544213281 0 (1.5442)
energy2
660.2286813 1.614216174 18 (1.6142)
744.2498107 8.699776696 3 15 4 7 10 (2.1835 1.6291 1.6291 1.6291 1.6291)
746.2654607 49.6006384 2 13 5 8 11 16 (13.289 7.4533 7.2146 7.2146 7.2146 7.2146)
764.2760254 40.07791924 6 9 12 14 17 1 (7.837 7.837 7.837 7.837 7.837 0.89304)
806.2865901 0.00744948845 0 (0.0074495)

0 806.2865901 CC(=O)OC1C2C(OC(C)=O)C(OC(C)=O)C3(COC(C)=[OH+])C(OC(C)=O)C(OC(C)=O)C4OC(=O)C(C)CCc5ccncc5C(=O)OCC2(C)OC13C4(C)O
1 764.2760254 C=C(O)OC1=C2C(OC(=C)O)=C(OC(=C)O)C3(C=[OH+])C(OC(C)O)C(OC(C)O)C4OC(O)C(C)CCC5=CC=NC=C5C(=O)OCC2(C)OC13C4(C)O
2 746.2654607 C=C(O)OC1=C2C(OC(=C)O)=C([OH+]C(=C)O)C3(C)C(OC(C)O)C(OC(C)O)C4OC(O)C(=C)C=CC5=CC=NC=C5C(=O)OCC2(C)OC13C4(C)O
3 744.2498107 C=C(O)OC1=C2C(OC(=C)O)=C([OH+]C(=C)O)C3(C)C(OC(C)O)C(OC(C)O)C4OC(=O)C(=C)C=CC5=CC=NC=C5C(=O)OCC2(C)OC13C4(C)O
4 744.2498107 C=C(O)OC1=C2C(OC(=C)O)=CC3(COC(=C)[OH2+])C(OC(C)O)C(OC(C)O)C4OC(=O)C(=C)C=CC5=CC=NC=C5C(=O)OCC2(C)OC13C4(C)O
5 746.2654607 C=C(O)OC1=C2C(OC(=C)O)=CC3(COC(=C)[OH2+])C(OC(C)O)C(OC(C)O)C4OC(O)C(=C)C=CC5=CC=NC=C5C(=O)OCC2(C)OC13C4(C)O
6 764.2760254 C=C(O)OC1=C2C(OC(=C)O)C34OC2(C)COC(=O)C2=CN=CC=C2C=CC(C)C(O)OC(C(OC(C)O)C(OC(C)O)C3(COC(=C)[OH2+])C1=O)C4(C)O
7 744.2498107 C=C(O)OC1=C2C=C(OC(=C)O)C3(COC(=C)[OH2+])C(OC(C)O)C(OC(C)O)C4OC(=O)C(=C)C=CC5=CC=NC=C5C(=O)OCC2(C)OC13C4(C)O
8 746.2654607 C=C(O)OC1=C2C=C(OC(=C)O)C3(COC(=C)[OH2+])C(OC(C)O)C(OC(C)O)C4OC(O)C(=C)C=CC5=CC=NC=C5C(=O)OCC2(C)OC13C4(C)O
9 764.2760254 C=C(O)OC1=C2C(O)=C(OC(=C)O)C3(COC(=C)[OH2+])C(OC(C)O)C(OC(C)O)C4OC(O)C(C)C=CC5=CC=NC=C5C(=O)OCC2(C)OC13C4(C)O
10 744.2498107 C=C(O)OC1=C(OC(=C)O)C2(COC(=C)[OH2+])C(OC(C)O)C(OC(C)O)C3OC(=O)C(=C)C=CC4=CC=NC=C4C(=O)OCC4(C)OC2(C=C14)C3(C)O
11 746.2654607 C=C(O)OC1=C(OC(=C)O)C2(COC(=C)[OH2+])C(OC(C)O)C(OC(C)O)C3OC(O)C(=C)C=CC4=CC=NC=C4C(=O)OCC4(C)OC2(C=C14)C3(C)O
12 764.2760254 C=C(O)OC1=C(OC(=C)O)C2(COC(=C)[OH2+])C(OC(C)O)C(OC(C)O)C3OC(O)C(C)C=CC4=CC=NC=C4C(=O)OCC4(C)OC2(C(O)=C14)C3(C)O
13 746.2654607 C=C(O)OC1=C2C(OC(=C)O)=C(OC(=C)O)C3(COC(=C)[OH2+])C(OC(C)O)CC4OC(O)C(C)C=CC5=CC=NC=C5C(=O)OCC2(C)OC13C4(C)O
14 764.2760254 C=C(O)OC1=C2C(OC(=C)O)=C(OC(=C)O)C3(COC(=C)[OH2+])C(OC(C)O)C(O)C4OC(O)C(C)CCC5=CC=NC=C5C(=O)OCC2(C)OC13C4(C)O
15 744.2498107 C=C(O)OC1=C2C(OC(=C)O)=C(OC(=C)O)C3(COC(=C)[OH2+])CC(OC(C)O)C4OC(O)C(=C)C=CC5=CC=NC=C5C(=O)OCC2(C)OC13C4(C)O
16 746.2654607 C=C(O)OC1=C2C(OC(=C)O)=C(OC(=C)O)C3(COC(=C)[OH2+])CC(OC(C)O)C4OC(O)C(C)C=CC5=CC=NC=C5C(=O)OCC2(C)OC13C4(C)O
17 764.2760254 C=C(O)OC1=C2C(OC(=C)O)=C(OC(=C)O)C3(COC(=C)[OH2+])C(O)C(OC(C)O)C4OC(O)C(C)CCC5=CC=NC=C5C(=O)OCC2(C)OC13C4(C)O
18 660.2286813 C=C(O)OC1=C2C(OC(=C)O)=C(OC(=C)O)C(=COC(=C)[OH2+])C13OC2(C)COC(=O)C1=CN=CC=C1CCC(C)C(O)OCC3(C)O
