energy0
141.0182351 2.720181296 9 (2.7202)
344.2220202 6.715738336 2 (6.7157)
380.2220202 3.301802009 23 (3.3018)
398.2325849 4.033342042 22 (4.0333)
452.2431496 23.33347156 15 3 4 (9.2214 8.8827 5.2294)
470.2537143 30.66166555 14 17 1 (13.65 8.6829 8.3287)
488.264279 9.884896746 0 (9.8849)
energy1
125.0960915 3.25637084 10 (3.2564)
326.2114556 4.226649593 6 7 (2.7365 1.4901)
344.1492492 7.286862776 13 12 (3.6434 3.6434)
362.1598139 4.069580313 11 (4.0696)
452.2431496 40.85458037 15 3 4 (16.197 15.666 8.992)
470.2537143 20.65312645 14 17 1 (9.5615 5.6594 5.4321)
energy2
43.05422664 6.005718294 36 (6.0057)
141.0182351 3.730579801 9 (3.7306)
195.0287997 3.06036587 34 (3.0604)
316.2271056 7.149496531 30 (7.1495)
318.2427557 6.567344661 28 (6.5673)
326.2114556 10.96327561 7 6 (6.4378 4.5255)
328.1907201 2.621322665 33 (2.6213)
330.2063702 4.879335118 32 (4.8793)
332.2220202 5.817438033 31 (5.8174)
342.2063702 3.716830408 8 (3.7168)
344.2220202 7.985514805 2 (7.9855)
346.2376703 6.23044005 5 (6.2304)
414.2274995 2.471844216 20 (2.4718)
416.2431496 3.626631363 21 (3.6266)
452.2431496 6.444846302 15 4 3 (2.8941 2.0928 1.4579)

0 488.264279 C[OH+]C1=C(CO)C(=O)OC1=C1OC2=CCCN3C(C(O)C4C=CCC(C)C4)CCCC3C2C1CO
1 470.2537143 C[OH+]C1=C(C)C(=O)OC1=C1OC2=CC=CN3C(=C(O)C4CCCC(C)C4)CCCC3C2C1CO
2 344.2220202 CC1CCC=C(C([OH2+])=C2CCCC3C4C(=CC=CN23)OCC4CO)C1
3 452.2431496 C[OH+]C1=C(C)C(=O)OC1=C1OC2=CC=CN3C(=C=C4CCCC(C)C4)CCCC3C2C1CO
4 452.2431496 C[OH+]C1=C(C)C(=O)OC1=C1OC2=CC=CN3C(=C(O)C4=CCCC(C)C4)CCCC3C2C1C
5 346.2376703 CC1CCCC(C([OH2+])=C2CCCC3C4C(=CC=CN23)OCC4CO)C1
6 326.2114556 CC1CC=CC(=C=C2CCCC3C4C(=CC=CN23)OCC4C[OH2+])C1
7 326.2114556 CC1COC2=CC=CN3C(=C([OH2+])C4=CC=CC(C)C4)CCCC3C21
8 342.2063702 CC1C=CC=C(C([OH2+])=C2CCCC3C4C(=CC=CN23)OCC4CO)C1
9 141.0182351 C[OH+]C1=COC(=O)C1=C=O
10 125.0960915 CC1CCCC(=C=[OH+])C1
11 362.1598139 C[OH+]C1=C(C=O)C(=O)OC1=C1OC2=CCCN3CCCCC3C2C1CO
12 344.1492492 C[OH+]C1=C(C)C(=O)OC1=C1OC2=CC=CN3C=CCCC3C2C1CO
13 344.1492492 C[OH+]C1=C(C=O)C(=O)OC1=C1OC2=CC=CN3CCCCC3C2C1C
14 470.2537143 C[OH+]C1=C(C=O)C(=O)OC1=C1OC2=CC=CN3C(CC4CCCC(C)C4)CCCC3C2C1CO
15 452.2431496 C[OH+]C1=C(C=O)C(=O)OC1=C1OC2=CC=CN3C(=CC4CCCC(C)C4)CCCC3C2C1C
16 95.08552677 [CH4+]C1C=CC=CC1
17 470.2537143 C[OH+]C1=C(C=O)C(=O)OC1=C1OC2=CC=CN3C(C(O)C4CCCC(C)C4)CCCC3C2C1C
18 73.02840582 OC=C=C[OH2+]
19 68.99710569 O=C=C=C=[OH+]
20 414.2274995 C[OH+]CC(=O)C1OC2=CC=CN3C(=C(O)C4=CC=CC(C)C4)CCCC3C2C1CO
21 416.2431496 C[OH+]CC(=O)C1OC2=CC=CN3C(=C(O)C4=CCCC(C)C4)CCCC3C2C1CO
22 398.2325849 C[OH+]CC=C1OC2=CC=CN3C(=C(O)C4=CC=CC(C)C4)CCCC3C2C1CO
23 380.2220202 C[OH+]CC=C1OC2=CC=CN3C(=C=C4C=CC=C(C)C4)CCCC3C2C1CO
24 400.248235 C[OH+]CC=C1OC2=CC=CN3C(=C(O)C4=CCCC(C)C4)CCCC3C2C1CO
25 442.2587997 C[OH+]C(=C=C=O)C=C1OC2=CC=CN3C(C(O)C4CCCC(C)C4)CCCC3C2C1CO
26 358.2376703 C=C1OC2=CC=CN3C(=C([OH2+])C4CCCC(C)C4)CCCC3C2C1CO
27 336.2533204 CC1CCCC(C(O)C2CCCC3C(CCO)C(=[OH+])C=CCN23)C1
28 318.2427557 CC1CCCC(C=C2CCCC3C(CCO)C(=[OH+])C=CCN23)C1
29 334.2376703 CC1CCCC(C(O)=C2CCCC3C(CCO)C(=[OH+])C=CCN23)C1
30 316.2271056 CC1CCCC(=C=C2CCCC3C(CCO)C(=[OH+])C=CCN23)C1
31 332.2220202 CC1CCC=C(C(O)=C2CCCC3C(CCO)C(=[OH+])C=CCN23)C1
32 330.2063702 CC1C=CC=C(C(O)=C2CCCC3C(CCO)C(=[OH+])C=CCN23)C1
33 328.1907201 C=C1C=CC=C(C(O)=C2CCCC3C(CCO)C(=[OH+])C=CCN23)C1
34 195.0287997 C[OH+]C1=C(C=O)C(=O)OC1=CC#CO
35 270.1852408 CC1C=CC=C(C([OH2+])=C2CCCC3CC=CC=CN23)C1
36 43.05422664 CC=[CH3+]
