energy0
44.04947561 4.853903661 2 (4.8539)
59.01275576 3.288004518 12 (3.288)
62.0600403 3.487173318 4 (3.4872)
68.99710569 2.166682713 10 (2.1667)
87.00767038 3.688729356 8 (3.6887)
105.0182351 2.795151618 6 (2.7952)
292.102693 6.667486493 19 (6.6675)
297.0757499 2.929019283 23 (2.929)
398.1081723 5.720771108 29 33 (3.7306 1.9902)
400.1238223 2.414580957 32 (2.4146)
416.1187369 6.423431291 28 (6.4234)
518.1656871 10.45070123 7 (10.451)
561.1238819 2.275627779 3 (2.2756)
576.1711664 4.693743967 13 (4.6937)
604.1660811 10.36756566 15 25 (9.3407 1.0268)
622.1766457 9.67656053 0 (9.6766)
energy1
41.00219107 3.511889548 9 (3.5119)
44.04947561 7.86584107 2 (7.8658)
45.0334912 2.488559977 5 (2.4886)
62.0600403 12.14836089 4 (12.148)
87.00767038 2.984238598 8 (2.9842)
290.0870429 2.942879142 18 (2.9429)
292.102693 4.348234941 19 (4.3482)
297.0757499 4.519788958 23 (4.5198)
518.1656871 13.95141996 7 (13.951)
536.1762518 3.000293455 11 (3.0003)
561.1238819 5.068787829 3 (5.0688)
576.1711664 8.299693132 13 (8.2997)
578.1868165 2.905992087 14 (2.906)
604.1660811 3.774300581 15 25 (1.9282 1.8461)
605.1500966 2.274127204 1 (2.2741)
energy2
31.01784114 2.501034626 24 (2.501)
44.04947561 5.937391622 2 (5.9374)
59.01275576 2.644282142 12 (2.6443)
105.0182351 3.108945579 6 (3.1089)
153.0546206 2.411464494 27 (2.4115)
292.102693 4.603403065 19 (4.6034)
294.118343 2.390048471 20 (2.39)
297.0757499 3.008886951 23 (3.0089)
394.0768721 2.354669544 35 (2.3547)
396.0925222 8.529806671 34 (8.5298)
398.1081723 14.54753001 29 33 (11.116 3.4317)
400.1238223 6.853295947 32 (6.8533)
404.1551225 2.354669544 31 (2.3547)
406.1707725 2.354669544 30 (2.3547)
416.1187369 3.226314185 28 (3.2263)
452.1187369 2.678713164 26 (2.6787)
518.1656871 4.724199934 7 (4.7242)
561.1238819 3.832546277 3 (3.8325)
562.1555164 4.198045951 36 37 (2.099 2.099)

0 622.1766457 [NH3+]CCOC1OC(COC(=O)CC(=O)O)C(O)C(O)C1OOc1ccc2c(c1)C1Oc3cc4c(cc3C1CO2)OC(CO)O4
1 605.1500966 C#C[OH+]C1OC(=COC(=O)C=C(O)O)C(=O)C(=O)C1OOC1=CC=C2OCC3C4CC5OC(CO)OC5CC4OC3C2C1
2 44.04947561 CC=[NH2+]
3 561.1238819 O=C(C=C(O)O)[OH+]C=C1OCC(OOC2=CC=C3OCC4C5CC6OC(CO)OC6C=C5OC4C3=C2)C(=O)C1=O
4 62.0600403 [NH3+]CCO
5 45.0334912 C=C[OH2+]
6 105.0182351 OC(=[OH+])C=C(O)O
7 518.1656871 C=C1OC(OCC#[NH+])C(OOC2=CC=C3OCC4C5CC6OC(CO)OC6CC5OC4C3C2)C(=O)C1=O
8 87.00767038 O=C(O)C=C=[OH+]
9 41.00219107 [CH+]=C=O
10 68.99710569 O=C=C=C=[OH+]
11 536.1762518 [NH+]#CCOC1OC(=C=O)C(=O)C(=O)C1OOC1CCC2OCC3C4CC5OC(CO)OC5CC4OC3C2C1
12 59.01275576 [CH+]=C(O)O
13 576.1711664 CC(=O)OC=C1OC(OCC#[NH+])C(OOC2=CC=C3OCC4C5CC6OC(CO)OC6CC5OC4C3C2)C(=O)C1=O
14 578.1868165 CC(=O)OC=C1OC(OCC#[NH+])C(OOC2=CCC3OCC4C5CC6OC(CO)OC6CC5OC4C3C2)C(=O)C1=O
15 604.1660811 [NH+]#CCOC1OC(=COC(=O)C#CO)C(=O)C(=O)C1OOC1=CCC2OCC3C4CC5OC(CO)OC5CC4OC3C2C1
16 586.1555164 C#CC(=O)OC=C1OC(OCC#[NH+])C(OOC2=CC=C3OCC4C5CC6OC(CO)OC6CC5OC4C3C2)C(=O)C1=O
17 378.0819575 [NH+]#CCOC1OC(=COC(=O)C#CO)C(=O)C(=O)C1OOC1=CCCCC1
18 290.0870429 [NH+]#CCOC1CC(O)C(O)C(=COC(=O)CC(O)O)O1
19 292.102693 [NH+]#CCOC1CC(O)C(O)C(=COC(O)CC(O)O)O1
20 294.118343 [NH+]#CCOC1CC(O)C(O)C(COC(O)CC(O)O)O1
21 313.0706646 OCC1OC2=C(C=C3C(=C2)OC2C3=COC3=C2CC(=[OH+])C=C3)O1
22 308.0976076 [NH+]#CCOC1OC(=COC(O)CC(O)O)C(O)C(O)C1O
23 297.0757499 [OH2+]CC1OC2=C(C=C3C(=C2)OC2C3=COC3=CC=CC=C32)O1
24 31.01784114 C=[OH+]
25 604.1660811 CC1OC2CC3OC4C(COC5=CC=C(OOC6C(=O)C(=O)C(=COC(=O)C=C(O)O)OC6OCC#[NH+])CC54)C3CC2O1
26 452.1187369 [NH+]#CCOC1OC(=COC(=O)C=C(O)O)C(=O)C(=O)C1OOC1=CCC2OCCCC2C1
27 153.0546206 [OH2+]CC1OC2=C(C=CC=C2)O1
28 416.1187369 [NH+]#CCOC1OC(=COC(=O)C=C(O)O)C(=O)C(O)C1OOC1CCC(O)CC1
29 398.1081723 [NH+]#CCOC1OC(=COC(=O)C#CO)C(=O)C(O)C1OOC1CCC(O)CC1
30 406.1707725 [NH+]#CCOC1OC(=COC(O)CC(O)O)C(O)C(O)C1OOC1CCCCC1
31 404.1551225 [NH+]#CCOC1OC(=COC(=O)CC(O)O)C(O)C(O)C1OOC1CCCCC1
32 400.1238223 [NH+]#CCOC1OC(=COC(=O)C=C(O)O)C(=O)C(O)C1OOC1CCCCC1
33 398.1081723 [NH+]#CCOC1OC(=COC(=O)C=C(O)O)C(=O)C(=O)C1OOC1CCCCC1
34 396.0925222 [NH+]#CCOC1OC(=COC(=O)C=C(O)O)C(=O)C(=O)C1OOC1=CCCCC1
35 394.0768721 [NH+]#CCOC1OC(=COC(=O)C=C(O)O)C(=O)C(=O)C1OOC1=CC=CCC1
36 562.1555164 [NH+]#CCOC1OC(=COC(=O)C=C(O)O)C(=O)C(=O)C1OOC1=CC=C2OCC3C4CCC(O)CC4OC3C2C1
37 562.1555164 [NH+]#CCOC1OC(=COC(=O)C=C(O)O)C(=O)C(=O)C1OOC1=CC=C2OCC3C4CC(O)CCC4OC3C2C1
38 580.1660811 [NH+]#CCOC1OC(=COC(=O)C=C(O)O)C(=O)C(=O)C1OOC1=CCC2OCC3C4CC(O)C(O)CC4OC3C2C1
39 578.150431 [NH+]#CCOC1OC(=COC(=O)C=C(O)O)C(=O)C(=O)C1OOC1=CC=C2OCC3C4CC(O)C(O)CC4OC3C2C1
40 47.04914126 CC[OH2+]
