energy0
57.06987671 1.567828795 32 (1.5678)
69.06987671 7.383055654 9 (7.3831)
85.06479133 3.279526142 6 (3.2795)
87.08044139 3.616781662 8 (3.6168)
99.08044139 1.437245069 13 (1.4372)
676.4108836 2.931665149 2 21 (1.5615 1.3702)
684.4370984 1.860472335 23 (1.8605)
703.4357014 1.600692854 26 (1.6007)
718.4466004 1.511024924 27 (1.511)
730.4578338 5.214636061 24 (5.2146)
744.4734839 29.77370203 30 16 (25.066 4.7075)
762.4840486 19.94714576 0 (19.947)
energy1
43.05422664 2.765608967 1 (2.7656)
60.05562361 2.134385646 25 (2.1344)
67.05422664 2.540530059 7 (2.5405)
69.06987671 4.874489421 9 (4.8745)
83.04914126 2.927727286 5 (2.9277)
101.0960915 2.146095086 15 (2.1461)
127.075356 3.61431425 18 (3.6143)
620.3846689 4.54940635 19 (4.5494)
634.4003189 2.936602799 17 (2.9366)
656.3846689 2.756313603 4 (2.7563)
674.3952336 3.489794535 3 (3.4898)
676.4108836 4.731395173 21 2 (2.3721 2.3593)
684.4370984 3.791946106 23 (3.7919)
703.4357014 2.647572234 26 (2.6476)
720.4622505 2.548646605 28 (2.5486)
730.4578338 2.863574506 24 (2.8636)
744.4734839 23.41973941 30 16 (20.864 2.5562)
745.4574995 3.24523122 29 (3.2452)
762.4840486 3.06177572 0 (3.0618)
energy2
55.05422664 5.163015247 33 (5.163)
57.06987671 7.556170914 32 (7.5562)
59.08552677 2.998439747 31 (2.9984)
60.05562361 6.244538233 25 (6.2445)
67.05422664 6.397562303 7 (6.3976)
69.06987671 11.12909452 9 (11.129)
81.06987671 1.904188899 14 (1.9042)
95.04914126 2.229757152 11 (2.2298)
127.075356 1.803079 18 (1.8031)
620.3846689 3.160488768 19 (3.1605)
634.4003189 3.134211985 17 (3.1342)
676.4108836 5.479702591 21 2 (4.7985 0.68124)
703.4357014 3.592461848 26 (3.5925)
716.4421838 5.52391506 36 (5.5239)
718.4578338 6.312419039 37 (6.3124)
744.4734839 8.288482013 30 16 (6.6145 1.674)

0 762.4840486 CCCC(=CC(=O)CCc1cc(OC2CCCC2)c(O)c2c1C#CC1C([NH+]=C(N)N)CCC3C(OC)CCC(CC(C)CC#CC1Cc1ccccc1)C23)CO
1 43.05422664 CC=[CH3+]
2 676.4108836 C=C(O)C#CC1=CC(OC2=CC=CC2)=C(O)C2=C1C=CC1=C(C=C3C=CC=CC3)CCCC(C)CC3CCC(OC)C(CCC1[NH2+]C(N)N)C23
3 674.3952336 C=C(O)C#CC1=CC(OC2=CC=CC2)=C(O)C2=C1C=CC1=C(C=C3C=CC=CC3)C=CCC(C)CC3CCC(OC)C(CCC1[NH2+]C(N)N)C23
4 656.3846689 C#CC#CC1=CC(OC2=CC=CC2)=C(O)C2=C1C=CC1=C(C=C3C=CC=CC3)C=CCC(C)CC3CCC(OC)C(CCC1[NH2+]C(N)N)C23
5 83.04914126 C#CC=CC[OH2+]
6 85.06479133 C#CCCC[OH2+]
7 67.05422664 [CH2+]#CC=CC
8 87.08044139 C=CCCC[OH2+]
9 69.06987671 [CH2+]#CCCC
10 662.3952336 COC1CCC2CC(C)CCCC(C=C3C=CCCC3)=C3C=CC4=C(C(=O)C(OC5=CC=CC5)=CC4=C=C=C=O)C2C1CCC3[NH2+]C(N)N
11 95.04914126 C#CC=C(C)C=[OH+]
12 97.06479133 C#CC=C(C)C[OH2+]
13 99.08044139 C#CCC(C)C[OH2+]
14 81.06987671 [CH2+]#CC=C(C)C
15 101.0960915 C=CCC(C)C[OH2+]
16 744.4734839 C#CC=C(C#CC#CC1=CC(OC2=CC=CC2)=C(O)C2=C1C=CC1=C(CC3CCCCC3)CCCC(C)CC3CCC(OC)C(CCC1[NH2+]C(N)N)C23)CO
17 634.4003189 C#CC1=CC(OC2=CC=CC2)=C(O)C2=C1C=CC1=C(C=C3C=CC=CC3)CCCC(C)CC3CCC(OC)C(CCC1[NH2+]C(N)N)C23
18 127.075356 C#CC=C(CO)CC[OH2+]
19 620.3846689 C=C1C=C(OC2=CC=CC2)C(=O)C2=C1C=CC1=C(C=C3C=CC=CC3)C=CCC(C)CC3CCC(OC)C(CCC1[NH2+]C(N)N)C23
20 141.0910061 C#CC=C(CO)CC(C)[OH2+]
21 676.4108836 C#CC=C(C=C(O)C#CC1=CC=C(O)C2=C1C=CC1=C(C=C3C=CC=CC3)CCCC(C)CC3CCC(OC)C(CCC1[NH2+]C(N)N)C23)CO
22 670.4214483 C#CC=C(C=C(O)C#CC1=CC(OC2=CC=CC2)=C(O)C2=C1CCC1CCCCC(C)CC3CCC(OC)C(CCC1[NH2+]C(N)N)C23)CO
23 684.4370984 C#CC=C(C=C(O)C#CC1=CC(OC2=CC=CC2)=C(O)C2=C1CCC1C([NH2+]C(N)N)CCC3C(OC)CCC(CC(C)CCCC1C)C23)CO
24 730.4578338 C#CC=C(C=C(O)C#CC1=CC(OC2=CC=CC2)=C(O)C2=C1C=CC1=C(C=C3CCCCC3)CCCC(C)CC3CCCC(CCC1[NH2+]C(N)N)C23)CO
25 60.05562361 NC(N)=[NH2+]
26 703.4357014 C#CC=C(C=C([OH2+])C#CC1=CC(OC2=CC=CC2)=C(O)C2=C1C=CC1=C(CC3CCCCC3)CCCC(C)CC3CCC(OC)C(CCC1)C23)CO
27 718.4466004 C#CC=C(C=C(O)C#CC1=CC(OC2=CC=CC2)=C(O)C2=C1C=CC1=C(CC3CCCCC3)CCCC(C)CC3CCC(OC)C(CCC1[NH3+])C23)CO
28 720.4622505 C#CC=C(C=C(O)C#CC1=CC(OC2=CC=CC2)=C(O)C2=C1C=CC1C([NH3+])CCC3C(OC)CCC(CC(C)CCCC1CC1CCCCC1)C23)CO
29 745.4574995 C#CC=C(C=C(O)C#CC1=CC(OC2=CC=CC2)=C(O)C2=C1C=CC1=C(C=C3CCCCC3)CCCC(C)CC3CCC(OC)C(CCC1[NH2+]CN)C23)CO
30 744.4734839 C#CC=C(C)C=C(O)C#CC1=CC(OC2=CC=CC2)=C(O)C2=C1C=CC1=C(C=C3CCCCC3)CCCC(C)CC3CCC(OC)C(CCC1[NH2+]C(N)N)C23
31 59.08552677 CCC[CH4+]
32 57.06987671 CCC=[CH3+]
33 55.05422664 [CH2+]#CCC
34 53.03857658 C=CC#[CH2+]
35 734.4891339 C#CC=C(C=C(O)C#CC(=C=COC1=CC=CC1)C1=CC2C3CCC(OC)C2CCC([NH2+]C(N)N)C(=C(CC2CCCCC2)CCCC(C)C3)C=C1)CO
36 716.4421838 C#CC=C(C=C(O)C#CC1=CC(OC2=CC=CC2)=C(O)C2=C1C=CC1=C(C=C3C=CCCC3)CCCC(C)CC(CC)C2CCCC1[NH2+]C(N)N)CO
37 718.4578338 C#CC=C(C=C(O)C#CC1=CC(OC2=CC=CC2)=C(O)C2=C1C=CC1=C(C=C3CCCCC3)CCCC(C)CC(CC)C2CCCC1[NH2+]C(N)N)CO
